{"/Users/matt/Coding/Projects/makers_academy/chillJam/lib/requestBuilder.js":{"path":"/Users/matt/Coding/Projects/makers_academy/chillJam/lib/requestBuilder.js","s":{"1":1,"2":1,"3":1,"4":1,"5":0,"6":0,"7":1,"8":0,"9":1,"10":0,"11":0,"12":1,"13":0,"14":0,"15":1,"16":0,"17":0,"18":1,"19":0,"20":0,"21":1,"22":0,"23":0,"24":1,"25":0,"26":0,"27":1},"b":{},"f":{"1":0,"2":0,"3":0,"4":0,"5":0,"6":0,"7":0,"8":0},"fnMap":{"1":{"name":"(anonymous_1)","line":6,"loc":{"start":{"line":6,"column":19},"end":{"line":6,"column":35}}},"2":{"name":"(anonymous_2)","line":16,"loc":{"start":{"line":16,"column":21},"end":{"line":16,"column":47}}},"3":{"name":"(anonymous_3)","line":20,"loc":{"start":{"line":20,"column":16},"end":{"line":20,"column":43}}},"4":{"name":"(anonymous_4)","line":25,"loc":{"start":{"line":25,"column":19},"end":{"line":25,"column":46}}},"5":{"name":"(anonymous_5)","line":30,"loc":{"start":{"line":30,"column":18},"end":{"line":30,"column":44}}},"6":{"name":"(anonymous_6)","line":35,"loc":{"start":{"line":35,"column":20},"end":{"line":35,"column":46}}},"7":{"name":"(anonymous_7)","line":39,"loc":{"start":{"line":39,"column":23},"end":{"line":39,"column":49}}},"8":{"name":"(anonymous_8)","line":43,"loc":{"start":{"line":43,"column":21},"end":{"line":43,"column":47}}}},"statementMap":{"1":{"start":{"line":1,"column":0},"end":{"line":1,"column":35}},"2":{"start":{"line":2,"column":0},"end":{"line":2,"column":40}},"3":{"start":{"line":4,"column":0},"end":{"line":4,"column":28}},"4":{"start":{"line":6,"column":0},"end":{"line":14,"column":2}},"5":{"start":{"line":7,"column":2},"end":{"line":12,"column":4}},"6":{"start":{"line":13,"column":2},"end":{"line":13,"column":16}},"7":{"start":{"line":16,"column":0},"end":{"line":18,"column":2}},"8":{"start":{"line":17,"column":2},"end":{"line":17,"column":46}},"9":{"start":{"line":20,"column":0},"end":{"line":23,"column":2}},"10":{"start":{"line":21,"column":2},"end":{"line":21,"column":53}},"11":{"start":{"line":22,"column":2},"end":{"line":22,"column":53}},"12":{"start":{"line":25,"column":0},"end":{"line":28,"column":2}},"13":{"start":{"line":26,"column":2},"end":{"line":26,"column":53}},"14":{"start":{"line":27,"column":2},"end":{"line":27,"column":57}},"15":{"start":{"line":30,"column":0},"end":{"line":33,"column":2}},"16":{"start":{"line":31,"column":2},"end":{"line":31,"column":53}},"17":{"start":{"line":32,"column":2},"end":{"line":32,"column":63}},"18":{"start":{"line":35,"column":0},"end":{"line":37,"column":2}},"19":{"start":{"line":36,"column":2},"end":{"line":36,"column":44}},"20":{"start":{"line":36,"column":19},"end":{"line":36,"column":42}},"21":{"start":{"line":39,"column":0},"end":{"line":41,"column":2}},"22":{"start":{"line":40,"column":2},"end":{"line":40,"column":47}},"23":{"start":{"line":40,"column":19},"end":{"line":40,"column":45}},"24":{"start":{"line":43,"column":0},"end":{"line":45,"column":2}},"25":{"start":{"line":44,"column":2},"end":{"line":44,"column":50}},"26":{"start":{"line":44,"column":19},"end":{"line":44,"column":48}},"27":{"start":{"line":47,"column":0},"end":{"line":55,"column":19}}},"branchMap":{}},"/Users/matt/Coding/Projects/makers_academy/chillJam/config.js":{"path":"/Users/matt/Coding/Projects/makers_academy/chillJam/config.js","s":{"1":1},"b":{},"f":{},"fnMap":{},"statementMap":{"1":{"start":{"line":2,"column":0},"end":{"line":7,"column":2}}},"branchMap":{}}}